2024-10-22 20:57:42 INFO  TC_001_DataProviderLoginTest:60 - ***Data drivern login test ended***
2024-10-22 20:57:42 INFO  TC_001_DataProviderLoginTest:18 - ***data driven Login test started***
2024-10-22 20:57:44 INFO  TC_001_DataProviderLoginTest:18 - ***data driven Login test started***
2024-10-22 20:57:50 INFO  TC_001_DataProviderLoginTest:18 - ***data driven Login test started***
2024-10-22 20:57:52 INFO  TC_001_DataProviderLoginTest:60 - ***Data drivern login test ended***
2024-10-22 20:58:04 INFO  TC_LoginTest:20 - ***Starting positive login test case***
2024-10-22 20:58:04 INFO  TC_LoginTest:25 - Entering  valid username and password
2024-10-22 20:58:04 INFO  TC_LoginTest:28 - Clicked on login button
2024-10-22 20:58:09 INFO  TC_LoginTest:38 - ***Starting negative test case***
2024-10-22 20:58:09 INFO  TC_LoginTest:42 - Entering  invalid username and password
2024-10-22 20:58:09 INFO  TC_LoginTest:45 - Clicking login button
2024-10-22 20:58:12 INFO  TC_LoginTest:38 - ***Starting negative test case***
2024-10-22 20:58:12 INFO  TC_LoginTest:42 - Entering  invalid username and password
2024-10-22 20:58:12 INFO  TC_LoginTest:45 - Clicking login button
2024-10-22 21:02:43 INFO  TC_001_DataProviderLoginTest:18 - ***data driven Login test started***
2024-10-22 21:02:48 INFO  TC_001_DataProviderLoginTest:60 - ***Data drivern login test ended***
2024-10-22 21:02:48 INFO  TC_001_DataProviderLoginTest:18 - ***data driven Login test started***
2024-10-22 21:02:50 INFO  TC_001_DataProviderLoginTest:18 - ***data driven Login test started***
2024-10-22 21:02:55 INFO  TC_001_DataProviderLoginTest:18 - ***data driven Login test started***
2024-10-22 21:02:57 INFO  TC_001_DataProviderLoginTest:60 - ***Data drivern login test ended***
2024-10-22 21:03:08 INFO  TC_LoginTest:20 - ***Starting positive login test case***
2024-10-22 21:03:08 INFO  TC_LoginTest:25 - Entering  valid username and password
2024-10-22 21:03:09 INFO  TC_LoginTest:28 - Clicked on login button
2024-10-22 21:03:13 INFO  TC_LoginTest:38 - ***Starting negative test case***
2024-10-22 21:03:13 INFO  TC_LoginTest:42 - Entering  invalid username and password
2024-10-22 21:03:14 INFO  TC_LoginTest:45 - Clicking login button
2024-10-22 21:03:17 INFO  TC_LoginTest:38 - ***Starting negative test case***
2024-10-22 21:03:17 INFO  TC_LoginTest:42 - Entering  invalid username and password
2024-10-22 21:03:17 INFO  TC_LoginTest:45 - Clicking login button
2024-10-22 21:19:18 INFO  TC_LoginTest:20 - ***Starting positive login test case***
2024-10-22 21:19:18 INFO  TC_LoginTest:25 - Entering  valid username and password
2024-10-22 21:19:18 INFO  TC_LoginTest:28 - Clicked on login button
2024-10-22 21:20:44 INFO  TC_LoginTest:20 - ***Starting positive login test case***
2024-10-22 21:20:44 INFO  TC_LoginTest:25 - Entering  valid username and password
2024-10-22 21:20:45 INFO  TC_LoginTest:28 - Clicked on login button
